          ok  Starting native_osx for sync docker-sync
          ok  docker-sync container still running, restarting unison in container
unison: stopped
unison: started
     success  Sync container started
     success  Showing unison logs from your sync container: docker-sync
[2019-10-29 03:20:25 +0100] Sync Log:  UNISON 2.51.2 (OCAML 4.06.1) started propagating changes at 03:20:25.00 on 29 Oct 2019
[2019-10-29 03:20:25 +0100] Sync Log:  [BGN] Copying sites/default/files/php/twig/5db7a1df7232d_html.html.twig_5O_tNs1SetbgwAQItpR_I1Vbl from /app_sync to /host_sync
[2019-10-29 03:20:25 +0100] Sync Log:  [END] Copying sites/default/files/php/twig/5db7a1df7232d_html.html.twig_5O_tNs1SetbgwAQItpR_I1Vbl
[2019-10-29 03:20:25 +0100] Sync Log:  [BGN] Copying sites/default/files/php/twig/5db7a1df7232d_install-page.html.twig_HBU8CI_NXHrg6nbZ7cRfOoyap from /app_sync to /host_sync
[2019-10-29 03:20:25 +0100] Sync Log:  [END] Copying sites/default/files/php/twig/5db7a1df7232d_install-page.html.twig_HBU8CI_NXHrg6nbZ7cRfOoyap
[2019-10-29 03:20:25 +0100] Sync Log:  [BGN] Copying sites/default/files/php/twig/5db7a1df7232d_maintenance-task-list.htm_k5rJS6EBykP2te53-7pkquewH from /app_sync to /host_sync
[2019-10-29 03:20:25 +0100] Sync Log:  [END] Copying sites/default/files/php/twig/5db7a1df7232d_maintenance-task-list.htm_k5rJS6EBykP2te53-7pkquewH
[2019-10-29 03:20:25 +0100] Sync Log:  [BGN] Copying sites/default/files/php/twig/5db7a1df7232d_off-canvas-page-wrapper.h_S-3tWIu-0T8JZVrF9wI7KRkBp from /app_sync to /host_sync
[2019-10-29 03:20:25 +0100] Sync Log:  [END] Copying sites/default/files/php/twig/5db7a1df7232d_off-canvas-page-wrapper.h_S-3tWIu-0T8JZVrF9wI7KRkBp
[2019-10-29 03:20:25 +0100] Sync Log:  [BGN] Copying sites/default/files/php/twig/5db7a1df7232d_progress-bar.html.twig_gciwVcTHQ5AyFt7YaSCq4LHsc from /app_sync to /host_sync
[2019-10-29 03:20:25 +0100] Sync Log:  [END] Copying sites/default/files/php/twig/5db7a1df7232d_progress-bar.html.twig_gciwVcTHQ5AyFt7YaSCq4LHsc
[2019-10-29 03:20:25 +0100] Sync Log:  UNISON 2.51.2 (OCAML 4.06.1) finished propagating changes at 03:20:25.05 on 29 Oct 2019
[2019-10-29 03:20:25 +0100] Sync Log:  Synchronization complete at 03:20:25  (5 items transferred, 0 skipped, 0 failed)
[2019-10-29 03:23:07 +0100] Sync Log:  UNISON 2.51.2 (OCAML 4.06.1) started propagating changes at 03:23:06.97 on 29 Oct 2019
[2019-10-29 03:23:07 +0100] Sync Log:  [BGN] Copying sites/default/files/php/twig/5db7a1df7232d_input.html.twig_8Ki_6U4IcB89ZTQofch_URVpq from /app_sync to /host_sync
[2019-10-29 03:23:07 +0100] Sync Log:  [END] Copying sites/default/files/php/twig/5db7a1df7232d_input.html.twig_8Ki_6U4IcB89ZTQofch_URVpq
[2019-10-29 03:23:07 +0100] Sync Log:  UNISON 2.51.2 (OCAML 4.06.1) finished propagating changes at 03:23:07.03 on 29 Oct 2019
[2019-10-29 03:23:07 +0100] Sync Log:  Synchronization complete at 03:23:07  (1 item transferred, 0 skipped, 0 failed)
[2019-10-29 03:23:08 +0100] Sync Log:  UNISON 2.51.2 (OCAML 4.06.1) started propagating changes at 03:23:08.12 on 29 Oct 2019
[2019-10-29 03:23:08 +0100] Sync Log:  [BGN] Copying sites/default/files/php/twig/5db7a1df7232d_container.html.twig_-KdEAkUo-7mN1zHLbpQmTkHCm from /app_sync to /host_sync
[2019-10-29 03:23:08 +0100] Sync Log:  [END] Copying sites/default/files/php/twig/5db7a1df7232d_container.html.twig_-KdEAkUo-7mN1zHLbpQmTkHCm
[2019-10-29 03:23:08 +0100] Sync Log:  [BGN] Copying sites/default/files/php/twig/5db7a1df7232d_fieldset.html.twig_LlRuBewFQD2JT5yze0SD6ei22 from /app_sync to /host_sync
[2019-10-29 03:23:08 +0100] Sync Log:  [END] Copying sites/default/files/php/twig/5db7a1df7232d_fieldset.html.twig_LlRuBewFQD2JT5yze0SD6ei22
[2019-10-29 03:23:08 +0100] Sync Log:  [BGN] Copying sites/default/files/php/twig/5db7a1df7232d_form-element-label.html.t_NKQ_ehHAC-tf7Xm0py9M-5C_d from /app_sync to /host_sync
[2019-10-29 03:23:08 +0100] Sync Log:  [END] Copying sites/default/files/php/twig/5db7a1df7232d_form-element-label.html.t_NKQ_ehHAC-tf7Xm0py9M-5C_d
[2019-10-29 03:23:08 +0100] Sync Log:  [BGN] Copying sites/default/files/php/twig/5db7a1df7232d_form-element.html.twig_OCya5cpgoqYZVHaSGI5F0PwEn from /app_sync to /host_sync
[2019-10-29 03:23:08 +0100] Sync Log:  [END] Copying sites/default/files/php/twig/5db7a1df7232d_form-element.html.twig_OCya5cpgoqYZVHaSGI5F0PwEn
[2019-10-29 03:23:08 +0100] Sync Log:  [BGN] Copying sites/default/files/php/twig/5db7a1df7232d_form.html.twig_emnWSQa_gLX76Nv9SSfDBrIM_ from /app_sync to /host_sync
[2019-10-29 03:23:08 +0100] Sync Log:  [END] Copying sites/default/files/php/twig/5db7a1df7232d_form.html.twig_emnWSQa_gLX76Nv9SSfDBrIM_
[2019-10-29 03:23:08 +0100] Sync Log:  [BGN] Copying sites/default/files/php/twig/5db7a1df7232d_select.html.twig_wnptORiFzVdo9sQ9zp6_6zv0b from /app_sync to /host_sync
[2019-10-29 03:23:08 +0100] Sync Log:  [END] Copying sites/default/files/php/twig/5db7a1df7232d_select.html.twig_wnptORiFzVdo9sQ9zp6_6zv0b
[2019-10-29 03:23:08 +0100] Sync Log:  [BGN] Copying sites/default/files/php/twig/5db7a1df7232d_status-messages.html.twig_K02kt30Iz0-1dnIn57oHt-gvQ from /app_sync to /host_sync
[2019-10-29 03:23:08 +0100] Sync Log:  [END] Copying sites/default/files/php/twig/5db7a1df7232d_status-messages.html.twig_K02kt30Iz0-1dnIn57oHt-gvQ
[2019-10-29 03:23:08 +0100] Sync Log:  UNISON 2.51.2 (OCAML 4.06.1) finished propagating changes at 03:23:08.26 on 29 Oct 2019
[2019-10-29 03:23:08 +0100] Sync Log:  Synchronization complete at 03:23:08  (7 items transferred, 0 skipped, 0 failed)
[2019-10-29 03:24:24 +0100] Sync Log:  UNISON 2.51.2 (OCAML 4.06.1) started propagating changes at 03:24:24.33 on 29 Oct 2019
[2019-10-29 03:24:24 +0100] Sync Log:  [BGN] Copying sites/default/files/php/twig/5db7a1df7232d_views-view.html.twig_y5ZnKln9cGtdZoVFYXOiz2FT1 from /app_sync to /host_sync
[2019-10-29 03:24:24 +0100] Sync Log:  [END] Copying sites/default/files/php/twig/5db7a1df7232d_views-view.html.twig_y5ZnKln9cGtdZoVFYXOiz2FT1
[2019-10-29 03:24:24 +0100] Sync Log:  UNISON 2.51.2 (OCAML 4.06.1) finished propagating changes at 03:24:24.35 on 29 Oct 2019
[2019-10-29 03:24:24 +0100] Sync Log:  Synchronization complete at 03:24:24  (1 item transferred, 0 skipped, 0 failed)
[2019-10-29 03:24:25 +0100] Sync Log:  UNISON 2.51.2 (OCAML 4.06.1) started propagating changes at 03:24:25.42 on 29 Oct 2019
[2019-10-29 03:24:25 +0100] Sync Log:  [BGN] Copying sites/default/files/php/twig/5db7a1df7232d_block--search-form-block._OrMR7UBq0SmczN30PsNEJ2q2R from /app_sync to /host_sync
[2019-10-29 03:24:25 +0100] Sync Log:  [END] Copying sites/default/files/php/twig/5db7a1df7232d_block--search-form-block._OrMR7UBq0SmczN30PsNEJ2q2R
[2019-10-29 03:24:25 +0100] Sync Log:  [BGN] Copying sites/default/files/php/twig/5db7a1df7232d_block--search-form-block._WvC1y8CoVETq5TLTKF_bt6tAf from /app_sync to /host_sync
[2019-10-29 03:24:25 +0100] Sync Log:  [END] Copying sites/default/files/php/twig/5db7a1df7232d_block--search-form-block._WvC1y8CoVETq5TLTKF_bt6tAf
[2019-10-29 03:24:25 +0100] Sync Log:  [BGN] Copying sites/default/files/php/twig/5db7a1df7232d_block--system-branding-bl_562bG8lf64v2Evtf-2NX7RP-g from /app_sync to /host_sync
[2019-10-29 03:24:25 +0100] Sync Log:  [END] Copying sites/default/files/php/twig/5db7a1df7232d_block--system-branding-bl_562bG8lf64v2Evtf-2NX7RP-g
[2019-10-29 03:24:25 +0100] Sync Log:  [BGN] Copying sites/default/files/php/twig/5db7a1df7232d_block--system-menu-block._Q8mr4Fp83AUE-EMAWHvM-5v7j from /app_sync to /host_sync
[2019-10-29 03:24:25 +0100] Sync Log:  [END] Copying sites/default/files/php/twig/5db7a1df7232d_block--system-menu-block._Q8mr4Fp83AUE-EMAWHvM-5v7j
[2019-10-29 03:24:25 +0100] Sync Log:  [BGN] Copying sites/default/files/php/twig/5db7a1df7232d_block--system-menu-block._gBU96m2KuIGr-9GsFFO7PZU6w from /app_sync to /host_sync
[2019-10-29 03:24:25 +0100] Sync Log:  [END] Copying sites/default/files/php/twig/5db7a1df7232d_block--system-menu-block._gBU96m2KuIGr-9GsFFO7PZU6w
[2019-10-29 03:24:25 +0100] Sync Log:  [BGN] Copying sites/default/files/php/twig/5db7a1df7232d_block--system-messages-bl_MAie_jtpTtdXIzkAuUT2P0MEl from /app_sync to /host_sync
[2019-10-29 03:24:25 +0100] Sync Log:  [END] Copying sites/default/files/php/twig/5db7a1df7232d_block--system-messages-bl_MAie_jtpTtdXIzkAuUT2P0MEl
[2019-10-29 03:24:25 +0100] Sync Log:  [BGN] Copying sites/default/files/php/twig/5db7a1df7232d_block.html.twig_p38mGx4fNwWvqa_l9LG4cMxzS from /app_sync to /host_sync
[2019-10-29 03:24:25 +0100] Sync Log:  [END] Copying sites/default/files/php/twig/5db7a1df7232d_block.html.twig_p38mGx4fNwWvqa_l9LG4cMxzS
[2019-10-29 03:24:25 +0100] Sync Log:  [BGN] Copying sites/default/files/php/twig/5db7a1df7232d_feed-icon.html.twig_Es4vdSJWFK2wAOgiwBhkxmnx9 from /app_sync to /host_sync
[2019-10-29 03:24:25 +0100] Sync Log:  [END] Copying sites/default/files/php/twig/5db7a1df7232d_feed-icon.html.twig_Es4vdSJWFK2wAOgiwBhkxmnx9
[2019-10-29 03:24:25 +0100] Sync Log:  [BGN] Copying sites/default/files/php/twig/5db7a1df7232d_form--search-block-form.h_a7I-AcCwy4aGM2b3EZ4XPTjun from /app_sync to /host_sync
[2019-10-29 03:24:25 +0100] Sync Log:  [END] Copying sites/default/files/php/twig/5db7a1df7232d_form--search-block-form.h_a7I-AcCwy4aGM2b3EZ4XPTjun
[2019-10-29 03:24:25 +0100] Sync Log:  [BGN] Copying sites/default/files/php/twig/5db7a1df7232d_links.html.twig_5j7lGHcHtV4IM2Me5TZJryDi8 from /app_sync to /host_sync
[2019-10-29 03:24:25 +0100] Sync Log:  [END] Copying sites/default/files/php/twig/5db7a1df7232d_links.html.twig_5j7lGHcHtV4IM2Me5TZJryDi8
[2019-10-29 03:24:25 +0100] Sync Log:  [BGN] Copying sites/default/files/php/twig/5db7a1df7232d_menu--toolbar.html.twig_e2aM5I0j1kO9_mtUhhl6R52kl from /app_sync to /host_sync
[2019-10-29 03:24:25 +0100] Sync Log:  [END] Copying sites/default/files/php/twig/5db7a1df7232d_menu--toolbar.html.twig_e2aM5I0j1kO9_mtUhhl6R52kl
[2019-10-29 03:24:25 +0100] Sync Log:  [BGN] Copying sites/default/files/php/twig/5db7a1df7232d_menu.html.twig_l7-WasDMnfnly1rgHNiywWKq7 from /app_sync to /host_sync
[2019-10-29 03:24:25 +0100] Sync Log:  [END] Copying sites/default/files/php/twig/5db7a1df7232d_menu.html.twig_l7-WasDMnfnly1rgHNiywWKq7
[2019-10-29 03:24:25 +0100] Sync Log:  [BGN] Copying sites/default/files/php/twig/5db7a1df7232d_page-title.html.twig_6B38DkC4Ygl6ujyFNcGWF1R_e from /app_sync to /host_sync
[2019-10-29 03:24:25 +0100] Sync Log:  [END] Copying sites/default/files/php/twig/5db7a1df7232d_page-title.html.twig_6B38DkC4Ygl6ujyFNcGWF1R_e
[2019-10-29 03:24:25 +0100] Sync Log:  [BGN] Copying sites/default/files/php/twig/5db7a1df7232d_page-title.html.twig_W_JOJqma5R4VqPGj9MWZGh9Sl from /app_sync to /host_sync
[2019-10-29 03:24:25 +0100] Sync Log:  [END] Copying sites/default/files/php/twig/5db7a1df7232d_page-title.html.twig_W_JOJqma5R4VqPGj9MWZGh9Sl
[2019-10-29 03:24:25 +0100] Sync Log:  [BGN] Copying sites/default/files/php/twig/5db7a1df7232d_page.html.twig_Ggx9rm117-gyQEKIi1WjRNDTI from /app_sync to /host_sync
[2019-10-29 03:24:25 +0100] Sync Log:  [END] Copying sites/default/files/php/twig/5db7a1df7232d_page.html.twig_Ggx9rm117-gyQEKIi1WjRNDTI
[2019-10-29 03:24:25 +0100] Sync Log:  [BGN] Copying sites/default/files/php/twig/5db7a1df7232d_pager.html.twig_4RrFZXbCAezI-kDlwqEkJDWtK from /app_sync to /host_sync
[2019-10-29 03:24:25 +0100] Sync Log:  [END] Copying sites/default/files/php/twig/5db7a1df7232d_pager.html.twig_4RrFZXbCAezI-kDlwqEkJDWtK
[2019-10-29 03:24:25 +0100] Sync Log:  [BGN] Copying sites/default/files/php/twig/5db7a1df7232d_region--header.html.twig_pdZ3LPGU8U3uwgx7j1Tm2ZZ2o from /app_sync to /host_sync
[2019-10-29 03:24:25 +0100] Sync Log:  [END] Copying sites/default/files/php/twig/5db7a1df7232d_region--header.html.twig_pdZ3LPGU8U3uwgx7j1Tm2ZZ2o
[2019-10-29 03:24:25 +0100] Sync Log:  [BGN] Copying sites/default/files/php/twig/5db7a1df7232d_region.html.twig_QDdaNZoQdkT00-Zu3opB-D0aF from /app_sync to /host_sync
[2019-10-29 03:24:25 +0100] Sync Log:  [END] Copying sites/default/files/php/twig/5db7a1df7232d_region.html.twig_QDdaNZoQdkT00-Zu3opB-D0aF
[2019-10-29 03:24:25 +0100] Sync Log:  [BGN] Copying sites/default/files/php/twig/5db7a1df7232d_toolbar.html.twig_hY19y2qFvaKswUnDPRRm6_gWe from /app_sync to /host_sync
[2019-10-29 03:24:25 +0100] Sync Log:  [END] Copying sites/default/files/php/twig/5db7a1df7232d_toolbar.html.twig_hY19y2qFvaKswUnDPRRm6_gWe
[2019-10-29 03:24:25 +0100] Sync Log:  UNISON 2.51.2 (OCAML 4.06.1) finished propagating changes at 03:24:25.63 on 29 Oct 2019
[2019-10-29 03:24:25 +0100] Sync Log:  Synchronization complete at 03:24:25  (19 items transferred, 0 skipped, 0 failed)
[2019-10-29 03:24:26 +0100] Sync Log:  UNISON 2.51.2 (OCAML 4.06.1) started propagating changes at 03:24:26.75 on 29 Oct 2019
[2019-10-29 03:24:26 +0100] Sync Log:  [BGN] Copying sites/default/files/php/twig/5db7a1df7232d_status-messages.html.twig_SXiFXaKHYwugF45ogOVcLEuXN from /app_sync to /host_sync
[2019-10-29 03:24:26 +0100] Sync Log:  [END] Copying sites/default/files/php/twig/5db7a1df7232d_status-messages.html.twig_SXiFXaKHYwugF45ogOVcLEuXN
[2019-10-29 03:24:26 +0100] Sync Log:  UNISON 2.51.2 (OCAML 4.06.1) finished propagating changes at 03:24:26.75 on 29 Oct 2019
[2019-10-29 03:24:26 +0100] Sync Log:  Synchronization complete at 03:24:26  (1 item transferred, 0 skipped, 0 failed)
[2019-10-29 03:24:29 +0100] Sync Log:  UNISON 2.51.2 (OCAML 4.06.1) started propagating changes at 03:24:28.84 on 29 Oct 2019
[2019-10-29 03:24:29 +0100] Sync Log:  [BGN] Copying sites/default/files/php/twig/5db7a1df7232d_block--local-actions-bloc_TyWMrus3l31YQCH4IaodXwiBA from /app_sync to /host_sync
[2019-10-29 03:24:29 +0100] Sync Log:  [END] Copying sites/default/files/php/twig/5db7a1df7232d_block--local-actions-bloc_TyWMrus3l31YQCH4IaodXwiBA
[2019-10-29 03:24:29 +0100] Sync Log:  [BGN] Copying sites/default/files/php/twig/5db7a1df7232d_block--local-tasks-block._nBSlUOGb96ycv6Y4u-N4PNhpk from /app_sync to /host_sync
[2019-10-29 03:24:29 +0100] Sync Log:  [END] Copying sites/default/files/php/twig/5db7a1df7232d_block--local-tasks-block._nBSlUOGb96ycv6Y4u-N4PNhpk
[2019-10-29 03:24:29 +0100] Sync Log:  [BGN] Copying sites/default/files/php/twig/5db7a1df7232d_block.html.twig_UA7H_afdvHEZhM4i4hy0gQIBH from /app_sync to /host_sync
[2019-10-29 03:24:29 +0100] Sync Log:  [END] Copying sites/default/files/php/twig/5db7a1df7232d_block.html.twig_UA7H_afdvHEZhM4i4hy0gQIBH
[2019-10-29 03:24:29 +0100] Sync Log:  [BGN] Copying sites/default/files/php/twig/5db7a1df7232d_block.html.twig_l52X0dRyBNnsp8wwuYTQFDzvc from /app_sync to /host_sync
[2019-10-29 03:24:29 +0100] Sync Log:  [END] Copying sites/default/files/php/twig/5db7a1df7232d_block.html.twig_l52X0dRyBNnsp8wwuYTQFDzvc
[2019-10-29 03:24:29 +0100] Sync Log:  [BGN] Copying sites/default/files/php/twig/5db7a1df7232d_breadcrumb.html.twig_BClzfPhA6QORa5ZOJ87w8CLPh from /app_sync to /host_sync
[2019-10-29 03:24:29 +0100] Sync Log:  [END] Copying sites/default/files/php/twig/5db7a1df7232d_breadcrumb.html.twig_BClzfPhA6QORa5ZOJ87w8CLPh
[2019-10-29 03:24:29 +0100] Sync Log:  [BGN] Copying sites/default/files/php/twig/5db7a1df7232d_details.html.twig_jG-BxAh56CuW_Ae5GDjEWSGae from /app_sync to /host_sync
[2019-10-29 03:24:29 +0100] Sync Log:  [END] Copying sites/default/files/php/twig/5db7a1df7232d_details.html.twig_jG-BxAh56CuW_Ae5GDjEWSGae
[2019-10-29 03:24:29 +0100] Sync Log:  [BGN] Copying sites/default/files/php/twig/5db7a1df7232d_image.html.twig_xjIF5XdlVK2fPYunzaRTBEOfL from /app_sync to /host_sync
[2019-10-29 03:24:29 +0100] Sync Log:  [END] Copying sites/default/files/php/twig/5db7a1df7232d_image.html.twig_xjIF5XdlVK2fPYunzaRTBEOfL
[2019-10-29 03:24:29 +0100] Sync Log:  [BGN] Copying sites/default/files/php/twig/5db7a1df7232d_menu-local-action.html.tw_b3mMn5jH4aT43W_ucbmV-oc9x from /app_sync to /host_sync
[2019-10-29 03:24:29 +0100] Sync Log:  [END] Copying sites/default/files/php/twig/5db7a1df7232d_menu-local-action.html.tw_b3mMn5jH4aT43W_ucbmV-oc9x
[2019-10-29 03:24:29 +0100] Sync Log:  [BGN] Copying sites/default/files/php/twig/5db7a1df7232d_menu-local-task.html.twig_sdNvQmtCnnNeB7wtri5M6s6kT from /app_sync to /host_sync
[2019-10-29 03:24:29 +0100] Sync Log:  [END] Copying sites/default/files/php/twig/5db7a1df7232d_menu-local-task.html.twig_sdNvQmtCnnNeB7wtri5M6s6kT
[2019-10-29 03:24:29 +0100] Sync Log:  [BGN] Copying sites/default/files/php/twig/5db7a1df7232d_menu-local-tasks.html.twi_HzvcbQUzL9s39eB7zmukXEQt6 from /app_sync to /host_sync
[2019-10-29 03:24:29 +0100] Sync Log:  [END] Copying sites/default/files/php/twig/5db7a1df7232d_menu-local-tasks.html.twi_HzvcbQUzL9s39eB7zmukXEQt6
[2019-10-29 03:24:29 +0100] Sync Log:  [BGN] Copying sites/default/files/php/twig/5db7a1df7232d_page.html.twig_LpC0bQHCpEmh73PTGmZbDeAO7 from /app_sync to /host_sync
[2019-10-29 03:24:29 +0100] Sync Log:  [END] Copying sites/default/files/php/twig/5db7a1df7232d_page.html.twig_LpC0bQHCpEmh73PTGmZbDeAO7
[2019-10-29 03:24:29 +0100] Sync Log:  [BGN] Copying sites/default/files/php/twig/5db7a1df7232d_system-themes-page.html.t_OVcuqu7ev5YwcWwkxRhMsxa-8 from /app_sync to /host_sync
[2019-10-29 03:24:29 +0100] Sync Log:  [END] Copying sites/default/files/php/twig/5db7a1df7232d_system-themes-page.html.t_OVcuqu7ev5YwcWwkxRhMsxa-8
[2019-10-29 03:24:29 +0100] Sync Log:  UNISON 2.51.2 (OCAML 4.06.1) finished propagating changes at 03:24:28.95 on 29 Oct 2019
[2019-10-29 03:24:29 +0100] Sync Log:  Synchronization complete at 03:24:28  (12 items transferred, 0 skipped, 0 failed)
[2019-10-29 03:24:30 +0100] Sync Log:  UNISON 2.51.2 (OCAML 4.06.1) started propagating changes at 03:24:30.06 on 29 Oct 2019
[2019-10-29 03:24:30 +0100] Sync Log:  [BGN] Copying sites/default/files/php/twig/5db7a1df7232d_admin-block-content.html._t5i7BvTt4uSJCTzRLsYCjD2Gb from /app_sync to /host_sync
[2019-10-29 03:24:30 +0100] Sync Log:  [END] Copying sites/default/files/php/twig/5db7a1df7232d_admin-block-content.html._t5i7BvTt4uSJCTzRLsYCjD2Gb
[2019-10-29 03:24:30 +0100] Sync Log:  UNISON 2.51.2 (OCAML 4.06.1) finished propagating changes at 03:24:30.08 on 29 Oct 2019
[2019-10-29 03:24:30 +0100] Sync Log:  Synchronization complete at 03:24:30  (1 item transferred, 0 skipped, 0 failed)
[2019-10-29 03:24:35 +0100] Sync Log:  UNISON 2.51.2 (OCAML 4.06.1) started propagating changes at 03:24:35.01 on 29 Oct 2019
[2019-10-29 03:24:35 +0100] Sync Log:  [BGN] Copying sites/default/files/php/twig/5db7a1df7232d_views-exposed-form.html.t_1Bz-FsQLy0cZrX6IOG-XDNhmn from /app_sync to /host_sync
[2019-10-29 03:24:35 +0100] Sync Log:  [END] Copying sites/default/files/php/twig/5db7a1df7232d_views-exposed-form.html.t_1Bz-FsQLy0cZrX6IOG-XDNhmn
[2019-10-29 03:24:35 +0100] Sync Log:  UNISON 2.51.2 (OCAML 4.06.1) finished propagating changes at 03:24:35.02 on 29 Oct 2019
[2019-10-29 03:24:35 +0100] Sync Log:  Synchronization complete at 03:24:35  (1 item transferred, 0 skipped, 0 failed)
[2019-10-29 03:24:36 +0100] Sync Log:  UNISON 2.51.2 (OCAML 4.06.1) started propagating changes at 03:24:36.10 on 29 Oct 2019
[2019-10-29 03:24:36 +0100] Sync Log:  [BGN] Copying sites/default/files/php/twig/5db7a1df7232d_tablesort-indicator.html._l0vrGb4rQe3XsnWHn38DrEaBl from /app_sync to /host_sync
[2019-10-29 03:24:36 +0100] Sync Log:  [END] Copying sites/default/files/php/twig/5db7a1df7232d_tablesort-indicator.html._l0vrGb4rQe3XsnWHn38DrEaBl
[2019-10-29 03:24:36 +0100] Sync Log:  [BGN] Copying sites/default/files/php/twig/5db7a1df7232d_views-view-table.html.twi_eYeTzZK6dNZbX1LA13Z9i9tSr from /app_sync to /host_sync
[2019-10-29 03:24:36 +0100] Sync Log:  [END] Copying sites/default/files/php/twig/5db7a1df7232d_views-view-table.html.twi_eYeTzZK6dNZbX1LA13Z9i9tSr
[2019-10-29 03:24:36 +0100] Sync Log:  UNISON 2.51.2 (OCAML 4.06.1) finished propagating changes at 03:24:36.12 on 29 Oct 2019
[2019-10-29 03:24:36 +0100] Sync Log:  Synchronization complete at 03:24:36  (2 items transferred, 0 skipped, 0 failed)
[2019-10-29 03:24:37 +0100] Sync Log:  UNISON 2.51.2 (OCAML 4.06.1) started propagating changes at 03:24:37.21 on 29 Oct 2019
[2019-10-29 03:24:37 +0100] Sync Log:  [BGN] Copying sites/default/files/php/twig/5db7a1df7232d_node-add-list.html.twig_HZYqveajr9GQVj9VR8MMXZEd0 from /app_sync to /host_sync
[2019-10-29 03:24:37 +0100] Sync Log:  [END] Copying sites/default/files/php/twig/5db7a1df7232d_node-add-list.html.twig_HZYqveajr9GQVj9VR8MMXZEd0
[2019-10-29 03:24:37 +0100] Sync Log:  UNISON 2.51.2 (OCAML 4.06.1) finished propagating changes at 03:24:37.22 on 29 Oct 2019
[2019-10-29 03:24:37 +0100] Sync Log:  Synchronization complete at 03:24:37  (1 item transferred, 0 skipped, 0 failed)
[2019-10-29 03:24:39 +0100] Sync Log:  UNISON 2.51.2 (OCAML 4.06.1) started propagating changes at 03:24:39.30 on 29 Oct 2019
[2019-10-29 03:24:39 +0100] Sync Log:  [BGN] Copying sites/default/files/php/twig/5db7a1df7232d_datetime-form.html.twig_kP1hYRXLAWSr1laubXZx3NiU2 from /app_sync to /host_sync
[2019-10-29 03:24:39 +0100] Sync Log:  [END] Copying sites/default/files/php/twig/5db7a1df7232d_datetime-form.html.twig_kP1hYRXLAWSr1laubXZx3NiU2
[2019-10-29 03:24:39 +0100] Sync Log:  [BGN] Copying sites/default/files/php/twig/5db7a1df7232d_datetime-wrapper.html.twi_FHY5MxBX1MapUMPUxSXAwvUeD from /app_sync to /host_sync
[2019-10-29 03:24:39 +0100] Sync Log:  [END] Copying sites/default/files/php/twig/5db7a1df7232d_datetime-wrapper.html.twi_FHY5MxBX1MapUMPUxSXAwvUeD
[2019-10-29 03:24:39 +0100] Sync Log:  [BGN] Copying sites/default/files/php/twig/5db7a1df7232d_field-multiple-value-form_boY0N3D8SnjHXfgNwRVFAMFSs from /app_sync to /host_sync
[2019-10-29 03:24:39 +0100] Sync Log:  [END] Copying sites/default/files/php/twig/5db7a1df7232d_field-multiple-value-form_boY0N3D8SnjHXfgNwRVFAMFSs
[2019-10-29 03:24:39 +0100] Sync Log:  [BGN] Copying sites/default/files/php/twig/5db7a1df7232d_file-upload-help.html.twi_38_KpmwUToEFYVg7K1Yza2WTI from /app_sync to /host_sync
[2019-10-29 03:24:39 +0100] Sync Log:  [END] Copying sites/default/files/php/twig/5db7a1df7232d_file-upload-help.html.twi_38_KpmwUToEFYVg7K1Yza2WTI
[2019-10-29 03:24:39 +0100] Sync Log:  [BGN] Copying sites/default/files/php/twig/5db7a1df7232d_filter-guidelines.html.tw_6_WTwE_ODsLZxMISeI8krF5H7 from /app_sync to /host_sync
[2019-10-29 03:24:39 +0100] Sync Log:  [END] Copying sites/default/files/php/twig/5db7a1df7232d_filter-guidelines.html.tw_6_WTwE_ODsLZxMISeI8krF5H7
[2019-10-29 03:24:39 +0100] Sync Log:  [BGN] Copying sites/default/files/php/twig/5db7a1df7232d_filter-tips.html.twig_EpYpx91L0bMYMTBWmw1mpZ8Nl from /app_sync to /host_sync
[2019-10-29 03:24:39 +0100] Sync Log:  [END] Copying sites/default/files/php/twig/5db7a1df7232d_filter-tips.html.twig_EpYpx91L0bMYMTBWmw1mpZ8Nl
[2019-10-29 03:24:39 +0100] Sync Log:  [BGN] Copying sites/default/files/php/twig/5db7a1df7232d_image-widget.html.twig_xKxBp9_u28erqK-ToRSsa4MBY from /app_sync to /host_sync
[2019-10-29 03:24:39 +0100] Sync Log:  [END] Copying sites/default/files/php/twig/5db7a1df7232d_image-widget.html.twig_xKxBp9_u28erqK-ToRSsa4MBY
[2019-10-29 03:24:39 +0100] Sync Log:  [BGN] Copying sites/default/files/php/twig/5db7a1df7232d_image-widget.html.twig_zlbXHgoOrVA3F07SaZlauBr8S from /app_sync to /host_sync
[2019-10-29 03:24:39 +0100] Sync Log:  [END] Copying sites/default/files/php/twig/5db7a1df7232d_image-widget.html.twig_zlbXHgoOrVA3F07SaZlauBr8S
[2019-10-29 03:24:39 +0100] Sync Log:  [BGN] Copying sites/default/files/php/twig/5db7a1df7232d_node-edit-form.html.twig_jqKrI8akm5DhTfgUvt8otivOL from /app_sync to /host_sync
[2019-10-29 03:24:39 +0100] Sync Log:  [END] Copying sites/default/files/php/twig/5db7a1df7232d_node-edit-form.html.twig_jqKrI8akm5DhTfgUvt8otivOL
[2019-10-29 03:24:39 +0100] Sync Log:  [BGN] Copying sites/default/files/php/twig/5db7a1df7232d_radios.html.twig_bQwgEe6_fTGzUoy8kMrhz7oue from /app_sync to /host_sync
[2019-10-29 03:24:39 +0100] Sync Log:  [END] Copying sites/default/files/php/twig/5db7a1df7232d_radios.html.twig_bQwgEe6_fTGzUoy8kMrhz7oue
[2019-10-29 03:24:39 +0100] Sync Log:  [BGN] Copying sites/default/files/php/twig/5db7a1df7232d_text-format-wrapper.html._lrVZatAuIw74JUE3F5uh4S7YY from /app_sync to /host_sync
[2019-10-29 03:24:39 +0100] Sync Log:  [END] Copying sites/default/files/php/twig/5db7a1df7232d_text-format-wrapper.html._lrVZatAuIw74JUE3F5uh4S7YY
[2019-10-29 03:24:39 +0100] Sync Log:  [BGN] Copying sites/default/files/php/twig/5db7a1df7232d_textarea.html.twig_fRzdriTO31514F5fdhdKPu8Y- from /app_sync to /host_sync
[2019-10-29 03:24:39 +0100] Sync Log:  [END] Copying sites/default/files/php/twig/5db7a1df7232d_textarea.html.twig_fRzdriTO31514F5fdhdKPu8Y-
[2019-10-29 03:24:39 +0100] Sync Log:  UNISON 2.51.2 (OCAML 4.06.1) finished propagating changes at 03:24:39.44 on 29 Oct 2019
[2019-10-29 03:24:39 +0100] Sync Log:  Synchronization complete at 03:24:39  (12 items transferred, 0 skipped, 0 failed)
[2019-10-29 03:24:47 +0100] Sync Log:  UNISON 2.51.2 (OCAML 4.06.1) started propagating changes at 03:24:47.76 on 29 Oct 2019
[2019-10-29 03:24:47 +0100] Sync Log:  [BGN] Copying sites/default/files/php/twig/5db7a1df7232d_views-view-field.html.twi_0Sd3JyY2UmzN3pJPK7ePl8OSg from /app_sync to /host_sync
[2019-10-29 03:24:47 +0100] Sync Log:  [END] Copying sites/default/files/php/twig/5db7a1df7232d_views-view-field.html.twi_0Sd3JyY2UmzN3pJPK7ePl8OSg
[2019-10-29 03:24:47 +0100] Sync Log:  UNISON 2.51.2 (OCAML 4.06.1) finished propagating changes at 03:24:47.77 on 29 Oct 2019
[2019-10-29 03:24:47 +0100] Sync Log:  Synchronization complete at 03:24:47  (1 item transferred, 0 skipped, 0 failed)
[2019-10-29 03:24:49 +0100] Sync Log:  UNISON 2.51.2 (OCAML 4.06.1) started propagating changes at 03:24:48.85 on 29 Oct 2019
[2019-10-29 03:24:49 +0100] Sync Log:  [BGN] Copying sites/default/files/php/twig/5db7a1df7232d___string_template__6a2704_CntZvR4TEmIuSBbKPm6hjZUV1 from /app_sync to /host_sync
[2019-10-29 03:24:49 +0100] Sync Log:  [END] Copying sites/default/files/php/twig/5db7a1df7232d___string_template__6a2704_CntZvR4TEmIuSBbKPm6hjZUV1
[2019-10-29 03:24:49 +0100] Sync Log:  [BGN] Copying sites/default/files/php/twig/5db7a1df7232d___string_template__d3e79b_lKu3cscN_wdZgHh0cQCHMHL0I from /app_sync to /host_sync
[2019-10-29 03:24:49 +0100] Sync Log:  [END] Copying sites/default/files/php/twig/5db7a1df7232d___string_template__d3e79b_lKu3cscN_wdZgHh0cQCHMHL0I
[2019-10-29 03:24:49 +0100] Sync Log:  [BGN] Copying sites/default/files/php/twig/5db7a1df7232d_dropbutton-wrapper.html.t_69DngTdkwqlpPthTzFcqGLo6J from /app_sync to /host_sync
[2019-10-29 03:24:49 +0100] Sync Log:  [END] Copying sites/default/files/php/twig/5db7a1df7232d_dropbutton-wrapper.html.t_69DngTdkwqlpPthTzFcqGLo6J
[2019-10-29 03:24:49 +0100] Sync Log:  [BGN] Copying sites/default/files/php/twig/5db7a1df7232d_item-list.html.twig_Ga3ceRyPCprJ4ZjTeHzWSsAn5 from /app_sync to /host_sync
[2019-10-29 03:24:49 +0100] Sync Log:  [END] Copying sites/default/files/php/twig/5db7a1df7232d_item-list.html.twig_Ga3ceRyPCprJ4ZjTeHzWSsAn5
[2019-10-29 03:24:49 +0100] Sync Log:  [BGN] Copying sites/default/files/php/twig/5db7a1df7232d_username.html.twig_vXC5WKFU7Mfx85CPAkVTmKSY8 from /app_sync to /host_sync
[2019-10-29 03:24:49 +0100] Sync Log:  [END] Copying sites/default/files/php/twig/5db7a1df7232d_username.html.twig_vXC5WKFU7Mfx85CPAkVTmKSY8
[2019-10-29 03:24:49 +0100] Sync Log:  UNISON 2.51.2 (OCAML 4.06.1) finished propagating changes at 03:24:48.90 on 29 Oct 2019
[2019-10-29 03:24:49 +0100] Sync Log:  Synchronization complete at 03:24:48  (5 items transferred, 0 skipped, 0 failed)
[2019-10-29 03:24:59 +0100] Sync Log:  UNISON 2.51.2 (OCAML 4.06.1) started propagating changes at 03:24:59.76 on 29 Oct 2019
[2019-10-29 03:24:59 +0100] Sync Log:  [BGN] Copying sites/default/files/php/twig/5db7a1df7232d_table.html.twig_jyIsFv0hpN1DMZ0JY9OMty7Ip from /app_sync to /host_sync
[2019-10-29 03:24:59 +0100] Sync Log:  [END] Copying sites/default/files/php/twig/5db7a1df7232d_table.html.twig_jyIsFv0hpN1DMZ0JY9OMty7Ip
[2019-10-29 03:24:59 +0100] Sync Log:  UNISON 2.51.2 (OCAML 4.06.1) finished propagating changes at 03:24:59.77 on 29 Oct 2019
[2019-10-29 03:24:59 +0100] Sync Log:  Synchronization complete at 03:24:59  (1 item transferred, 0 skipped, 0 failed)
[2019-10-29 03:25:13 +0100] Sync Log:  UNISON 2.51.2 (OCAML 4.06.1) started propagating changes at 03:25:13.40 on 29 Oct 2019
[2019-10-29 03:25:13 +0100] Sync Log:  [BGN] Copying sites/default/files/php/twig/5db7a1df7232d_user.html.twig_MTX3BfvdUugGeo7vgCXMXYE6B from /app_sync to /host_sync
[2019-10-29 03:25:13 +0100] Sync Log:  [END] Copying sites/default/files/php/twig/5db7a1df7232d_user.html.twig_MTX3BfvdUugGeo7vgCXMXYE6B
[2019-10-29 03:25:13 +0100] Sync Log:  UNISON 2.51.2 (OCAML 4.06.1) finished propagating changes at 03:25:13.41 on 29 Oct 2019
[2019-10-29 03:25:13 +0100] Sync Log:  Synchronization complete at 03:25:13  (1 item transferred, 0 skipped, 0 failed)
[2019-10-29 03:25:14 +0100] Sync Log:  UNISON 2.51.2 (OCAML 4.06.1) started propagating changes at 03:25:14.49 on 29 Oct 2019
[2019-10-29 03:25:14 +0100] Sync Log:  [BGN] Copying sites/default/files/php/twig/5db7a1df7232d_menu-local-tasks.html.twi_hxQgD54-S3UK0Gc_fqNE26q0S from /app_sync to /host_sync
[2019-10-29 03:25:14 +0100] Sync Log:  [END] Copying sites/default/files/php/twig/5db7a1df7232d_menu-local-tasks.html.twi_hxQgD54-S3UK0Gc_fqNE26q0S
[2019-10-29 03:25:14 +0100] Sync Log:  UNISON 2.51.2 (OCAML 4.06.1) finished propagating changes at 03:25:14.50 on 29 Oct 2019
[2019-10-29 03:25:14 +0100] Sync Log:  Synchronization complete at 03:25:14  (1 item transferred, 0 skipped, 0 failed)
[2019-10-29 03:27:08 +0100] Sync Log:  UNISON 2.51.2 (OCAML 4.06.1) started propagating changes at 03:27:07.38 on 29 Oct 2019
[2019-10-29 03:27:08 +0100] Sync Log:  [BGN] Copying sites/default/files/php/twig/5db7a1df7232d_item-list--search-results_xJ97PzQBPVol9MTV8lutpcrUY from /app_sync to /host_sync
[2019-10-29 03:27:08 +0100] Sync Log:  [END] Copying sites/default/files/php/twig/5db7a1df7232d_item-list--search-results_xJ97PzQBPVol9MTV8lutpcrUY
[2019-10-29 03:27:08 +0100] Sync Log:  UNISON 2.51.2 (OCAML 4.06.1) finished propagating changes at 03:27:07.43 on 29 Oct 2019
[2019-10-29 03:27:08 +0100] Sync Log:  Synchronization complete at 03:27:07  (1 item transferred, 0 skipped, 0 failed)
          ok  Starting native_osx for sync docker-sync
          ok  docker-sync container still running, restarting unison in container
unison: stopped
unison: started
     success  Sync container started
     success  Showing unison logs from your sync container: docker-sync
[2019-10-29 03:29:01 +0100] Sync Log:  UNISON 2.51.2 (OCAML 4.06.1) started propagating changes at 03:25:14.49 on 29 Oct 2019
[2019-10-29 03:29:01 +0100] Sync Log:  [BGN] Copying sites/default/files/php/twig/5db7a1df7232d_menu-local-tasks.html.twi_hxQgD54-S3UK0Gc_fqNE26q0S from /app_sync to /host_sync
[2019-10-29 03:29:01 +0100] Sync Log:  [END] Copying sites/default/files/php/twig/5db7a1df7232d_menu-local-tasks.html.twi_hxQgD54-S3UK0Gc_fqNE26q0S
[2019-10-29 03:29:01 +0100] Sync Log:  UNISON 2.51.2 (OCAML 4.06.1) finished propagating changes at 03:25:14.50 on 29 Oct 2019
[2019-10-29 03:29:01 +0100] Sync Log:  Synchronization complete at 03:25:14  (1 item transferred, 0 skipped, 0 failed)
[2019-10-29 03:29:01 +0100] Sync Log:  UNISON 2.51.2 (OCAML 4.06.1) started propagating changes at 03:27:07.38 on 29 Oct 2019
[2019-10-29 03:29:01 +0100] Sync Log:  [BGN] Copying sites/default/files/php/twig/5db7a1df7232d_item-list--search-results_xJ97PzQBPVol9MTV8lutpcrUY from /app_sync to /host_sync
[2019-10-29 03:29:01 +0100] Sync Log:  [END] Copying sites/default/files/php/twig/5db7a1df7232d_item-list--search-results_xJ97PzQBPVol9MTV8lutpcrUY
[2019-10-29 03:29:01 +0100] Sync Log:  UNISON 2.51.2 (OCAML 4.06.1) finished propagating changes at 03:27:07.43 on 29 Oct 2019
[2019-10-29 03:29:01 +0100] Sync Log:  Synchronization complete at 03:27:07  (1 item transferred, 0 skipped, 0 failed)
